<?xml version="1.0" encoding="UTF-8"?>
<!-- Generated by org.testng.reporters.JUnitXMLReporter -->
<testsuite hostname="LAPTOP-D6TAF9DO" failures="0" tests="5" name="Test" time="0.07" errors="0" timestamp="27 Jul 2022 09:09:53 GMT">
  <testcase classname="org.mavenExample.Rakesh" name="mn" time="0.02"/>
  <testcase classname="org.mavenExample.TestNgExample2Test" name="practice1Test" time="0.02"/>
  <testcase classname="org.mavenExample.TestNgExample1Test" name="practice1Test" time="0.004"/>
  <testcase classname="org.mavenExample.TestNgExample2Test" name="practice2Test" time="0.005"/>
  <testcase classname="org.mavenExample.TestNgExample1Test" name="practice2Test" time="0.004"/>
</testsuite> <!-- Test -->
