<?xml version="1.0" encoding="UTF-8"?>
<testng-results total="2" passed="2" failed="0" skipped="0">
  <reporter-output>
    <line>
      <![CDATA[Tyss--> test3]]>
    </line>
    <line>
      <![CDATA[Tyss--> test4]]>
    </line>
  </reporter-output>
  <suite started-at="2022-07-20T16:34:29Z" name="Default suite" finished-at="2022-07-20T16:34:29Z" duration-ms="89">
    <groups>
    </groups>
    <test started-at="2022-07-20T16:34:29Z" name="Default test" finished-at="2022-07-20T16:34:29Z" duration-ms="89">
      <class name="org.mavenExample.TestNgExample2Test">
        <test-method signature="practice1Test()[pri:0, instance:org.mavenExample.TestNgExample2Test@2b175c00]" started-at="2022-07-20T22:04:29Z" name="practice1Test" finished-at="2022-07-20T22:04:29Z" duration-ms="31" status="PASS">
          <reporter-output>
            <line>
              <![CDATA[Tyss--> test3]]>
            </line>
          </reporter-output>
        </test-method> <!-- practice1Test -->
        <test-method signature="practice2Test()[pri:0, instance:org.mavenExample.TestNgExample2Test@2b175c00]" started-at="2022-07-20T22:04:29Z" name="practice2Test" finished-at="2022-07-20T22:04:29Z" duration-ms="6" status="PASS">
          <reporter-output>
            <line>
              <![CDATA[Tyss--> test4]]>
            </line>
          </reporter-output>
        </test-method> <!-- practice2Test -->
      </class> <!-- org.mavenExample.TestNgExample2Test -->
    </test> <!-- Default test -->
  </suite> <!-- Default suite -->
</testng-results>
